-------------------------------------------------------------------------------
Test set: marketplaceserverapi.controllers.MarketAdminControllerTest
-------------------------------------------------------------------------------
Tests run: 1, Failures: 1, Errors: 0, Skipped: 0, Time elapsed: 0.563 s <<< FAILURE! - in marketplaceserverapi.controllers.MarketAdminControllerTest
givenProductToAddToMarket_whenProductInfoIsRetrieved_thenNewMarketIsReceived  Time elapsed: 0.563 s  <<< FAILURE!
java.lang.AssertionError: expected:<200> but was:<500>
	at marketplaceserverapi.controllers.MarketAdminControllerTest.givenProductToAddToMarket_whenProductInfoIsRetrieved_thenNewMarketIsReceived(MarketAdminControllerTest.java:32)

