<?xml version="1.0" encoding="UTF-8"?>
<testsuite xmlns:xsi="http://www.w3.org/2001/XMLSchema-instance" xsi:noNamespaceSchemaLocation="https://maven.apache.org/surefire/maven-surefire-plugin/xsd/surefire-test-report-3.0.xsd" version="3.0" name="marketplaceserverapi.controllers.MarketAdminControllerTest" time="0.563" tests="1" errors="0" skipped="0" failures="1">
  <properties>
[...]
</properties>
  <testcase name="givenProductToAddToMarket_whenProductInfoIsRetrieved_thenNewMarketIsReceived" classname="marketplaceserverapi.controllers.MarketAdminControllerTest" time="0.563">
    <failure message="expected:&lt;200&gt; but was:&lt;500&gt;" type="java.lang.AssertionError"><![CDATA[java.lang.AssertionError: expected:<200> but was:<500>
	at marketplaceserverapi.controllers.MarketAdminControllerTest.givenProductToAddToMarket_whenProductInfoIsRetrieved_thenNewMarketIsReceived(MarketAdminControllerTest.java:32)
]]></failure>
    <system-out><![CDATA[21:35:22.931 [main] DEBUG org.apache.http.client.protocol.RequestAddCookies - CookieSpec selected: default
21:35:22.931 [main] DEBUG org.apache.http.client.protocol.RequestAuthCache - Auth cache not set in the context
21:35:22.931 [main] DEBUG org.apache.http.impl.conn.PoolingHttpClientConnectionManager - Connection request: [route: {}->http://localhost:8080][total kept alive: 0; route allocated: 0 of 2; total allocated: 0 of 20]
21:35:22.931 [main] DEBUG org.apache.http.impl.conn.PoolingHttpClientConnectionManager - Connection leased: [id: 1][route: {}->http://localhost:8080][total kept alive: 0; route allocated: 1 of 2; total allocated: 1 of 20]
21:35:22.931 [main] DEBUG org.apache.http.impl.execchain.MainClientExec - Opening connection {}->http://localhost:8080
21:35:22.931 [main] DEBUG org.apache.http.impl.conn.DefaultHttpClientConnectionOperator - Connecting to localhost/127.0.0.1:8080
21:35:22.931 [main] DEBUG org.apache.http.impl.conn.DefaultHttpClientConnectionOperator - Connection established 127.0.0.1:55426<->127.0.0.1:8080
21:35:22.931 [main] DEBUG org.apache.http.impl.execchain.MainClientExec - Executing request POST /admin/market/add HTTP/1.1
21:35:22.931 [main] DEBUG org.apache.http.impl.execchain.MainClientExec - Target auth state: UNCHALLENGED
21:35:22.931 [main] DEBUG org.apache.http.impl.execchain.MainClientExec - Proxy auth state: UNCHALLENGED
21:35:22.931 [main] DEBUG org.apache.http.headers - http-outgoing-1 >> POST /admin/market/add HTTP/1.1
21:35:22.931 [main] DEBUG org.apache.http.headers - http-outgoing-1 >> Accept: application/json
21:35:22.931 [main] DEBUG org.apache.http.headers - http-outgoing-1 >> Content-type: application/json
21:35:22.931 [main] DEBUG org.apache.http.headers - http-outgoing-1 >> Content-Length: 80
21:35:22.931 [main] DEBUG org.apache.http.headers - http-outgoing-1 >> Host: localhost:8080
21:35:22.931 [main] DEBUG org.apache.http.headers - http-outgoing-1 >> Connection: Keep-Alive
21:35:22.931 [main] DEBUG org.apache.http.headers - http-outgoing-1 >> User-Agent: Apache-HttpClient/4.5.6 (Java/1.8.0_191)
21:35:22.931 [main] DEBUG org.apache.http.headers - http-outgoing-1 >> Accept-Encoding: gzip,deflate
21:35:22.931 [main] DEBUG org.apache.http.wire - http-outgoing-1 >> "POST /admin/market/add HTTP/1.1[\r][\n]"
21:35:22.931 [main] DEBUG org.apache.http.wire - http-outgoing-1 >> "Accept: application/json[\r][\n]"
21:35:22.931 [main] DEBUG org.apache.http.wire - http-outgoing-1 >> "Content-type: application/json[\r][\n]"
21:35:22.931 [main] DEBUG org.apache.http.wire - http-outgoing-1 >> "Content-Length: 80[\r][\n]"
21:35:22.931 [main] DEBUG org.apache.http.wire - http-outgoing-1 >> "Host: localhost:8080[\r][\n]"
21:35:22.931 [main] DEBUG org.apache.http.wire - http-outgoing-1 >> "Connection: Keep-Alive[\r][\n]"
21:35:22.931 [main] DEBUG org.apache.http.wire - http-outgoing-1 >> "User-Agent: Apache-HttpClient/4.5.6 (Java/1.8.0_191)[\r][\n]"
21:35:22.931 [main] DEBUG org.apache.http.wire - http-outgoing-1 >> "Accept-Encoding: gzip,deflate[\r][\n]"
21:35:22.931 [main] DEBUG org.apache.http.wire - http-outgoing-1 >> "[\r][\n]"
21:35:22.931 [main] DEBUG org.apache.http.wire - http-outgoing-1 >> "[ { "id": 4, "title": "Perfect_Shopify", "price": 100, "inventoryCount": 100 } ]"
21:35:22.946 [main] DEBUG org.apache.http.wire - http-outgoing-1 << "HTTP/1.1 500 [\r][\n]"
21:35:22.946 [main] DEBUG org.apache.http.wire - http-outgoing-1 << "Content-Type: application/json;charset=UTF-8[\r][\n]"
21:35:22.946 [main] DEBUG org.apache.http.wire - http-outgoing-1 << "Transfer-Encoding: chunked[\r][\n]"
21:35:22.946 [main] DEBUG org.apache.http.wire - http-outgoing-1 << "Date: Mon, 14 Jan 2019 02:35:22 GMT[\r][\n]"
21:35:22.946 [main] DEBUG org.apache.http.wire - http-outgoing-1 << "Connection: close[\r][\n]"
21:35:22.946 [main] DEBUG org.apache.http.wire - http-outgoing-1 << "[\r][\n]"
21:35:22.946 [main] DEBUG org.apache.http.wire - http-outgoing-1 << "1af5[\r][\n]"
21:35:22.946 [main] DEBUG org.apache.http.wire - http-outgoing-1 << "{"timestamp":"2019-01-14T02:35:22.931+0000","status":500,"error":"Internal Server Error","message":"Perfect_Shopify already exists on the market.","trace":"java.security.InvalidKeyException: Perfect_Shopify already exists on the market.\r\n\tat marketplaceserverapi.implementations.MarketServiceImpl.addProduct(MarketServiceImpl.java:57)\r\n\tat marketplaceserverapi.implementations.MarketServiceImpl.addProducts(MarketServiceImpl.java:63)\r\n\tat marketplaceserverapi.controllers.MarketAdminController.addProducts(MarketAdminController.java:43)\r\n\tat java.base/jdk.internal.reflect.NativeMethodAccessorImpl.invoke0(Native Method)\r\n\tat java.base/jdk.internal.reflect.NativeMethodAccessorImpl.invoke(NativeMethodAccessorImpl.java:62)\r\n\tat java.base/jdk.internal.reflect.DelegatingMethodAccessorImpl.invoke(DelegatingMethodAccessorImpl.java:43)\r\n\tat java.base/java.lang.reflect.Method.invoke(Method.java:566)\r\n\tat org.springframework.web.method.support.InvocableHandlerMethod.doInvoke(InvocableHandlerMethod.java:189)\r\n\tat org.springframework.web.method.support.InvocableHandlerMethod.invokeForRequest(InvocableHandlerMethod.java:138)\r\n\tat org.springframework.web.servlet.mvc.method.annotation.ServletInvocableHandlerMethod.invokeAndHandle(ServletInvocableHandlerMethod.java:102)\r\n\tat org.springframework.web.servlet.mvc.method.annotation.RequestMappingHandlerAdapter.invokeHandlerMethod(RequestMappingHandlerAdapter.java:895)\r\n\tat org.springframework.web.servlet.mvc.method.annotation.RequestMappingHandlerAdapter.handleInternal(RequestMappingHandlerAdapter.java:800)\r\n\tat org.springframework.web.servlet.mvc.method.AbstractHandlerMethodAdapter.handle(AbstractHandlerMethodAdapter.java:87)\r\n\tat org.springframework.web.servlet.DispatcherServlet.doDispatch(DispatcherServlet.java:1038)\r\n\tat org.springframework.web.servlet.DispatcherServlet.doService(DispatcherServlet.java:942)\r\n\tat org.springframework.web.servlet.FrameworkServlet.processRequest(FrameworkServlet.java:1005)\r\n\tat org.springframework.web.servlet.FrameworkServlet.doPost(FrameworkServlet.java:908)\r\n\tat javax.servlet.http.HttpServlet.service(HttpServlet.java:660)\r\n\tat org.springframework.web.servlet.FrameworkServlet.service(FrameworkServlet.java:882)\r\n\tat javax.servlet.http.HttpServlet.service(HttpServlet.java:741)\r\n\tat org.apache.catalina.core.ApplicationFilterChain.internalDoFilter(ApplicationFilterChain.java:231)\r\n\tat org.apache.catalina.core.ApplicationFilterChain.doFilter(ApplicationFilterChain.java:166)\r\n\tat org.apache.tomcat.websocket.server.WsFilter.doFilter(WsFilter.java:53)\r\n\tat org.apache.catalina.core.ApplicationFilterChain.internalDoFilter(ApplicationFilterChain.java:193)\r\n\tat org.apache.catalina.core.ApplicationFilterChain.doFilter(ApplicationFilterChain.java:166)\r\n\tat org.springframework.boot.actuate.web.trace.servlet.HttpTraceFilter.doFilterInternal(HttpTraceFilter.java:90)\r\n\tat org.springframework.web.filter.OncePerRequestFilter.doFilter(OncePerRequestFilter.java:107)\r\n\tat org.apache.catalina.core.ApplicationFilterChain.internalDoFilter(ApplicationFilterChain.java:193)\r\n\tat org.apache.catalina.core.ApplicationFilterChain.doFilter(ApplicationFilterChain.java:166)\r\n\tat org.springframework.web.filter.RequestContextFilter.doFilterInternal(RequestContextFilter.java:99)\r\n\tat org.springframework.web.filter.OncePerRequestFilter.doFilter(OncePerRequestFilter.java:107)\r\n\tat org.apache.catalina.core.ApplicationFilterChain.internalDoFilter(ApplicationFilterChain.java:193)\r\n\tat org.apache.catalina.core.ApplicationFilterChain.doFilter(ApplicationFilterChain.java:166)\r\n\tat org.springframework.web.filter.FormContentFilter.doFilterInternal(FormContentFilter.java:92)\r\n\tat org.springframework.web.filter.OncePerRequestFilter.doFilter(OncePerRequestFilter.java:107)\r\n\tat org.apache.catalina.core.ApplicationFilterChain.internalDoFilter(ApplicationFilterChain.java:193)\r\n\tat org.apache.catalina.core.ApplicationFilterChain.doFilter(ApplicationFilterChain.java:166)\r\n\tat org.springframework.web.filter.HiddenHttpMethodFilter.doFilterInternal(HiddenHttpMethodFilter.java:93)\r\n\tat org.springframework.web.filter.OncePerRequestFilter.doFilter(OncePerRequestFilter.java:107)\r\n\tat org.apache.catalina.core.ApplicationFilterChain.internalDoFilter(ApplicationFilterChain.java:193)\r\n\tat org.apache.catalina.core.ApplicationFilterChain.doFilter(ApplicationFilterChain.java:166)\r\n\tat org.springframework.boot.actuate.metrics.web.servlet.WebMvcMetricsFilter.filterAndRecordMetrics(WebMvcMetricsFilter.java:117)\r\n\tat org.springframework.boot.actuate.metrics.web.servlet.WebMvcMetricsFilter.doFilterInternal(WebMvcMetricsFilter.java:106)\r\n\tat org.springframework.web.filter.OncePerRequestFilter.doFilter(OncePerRequestFilter.java:107)\r\n\tat org.apache.catalina.core.ApplicationFilterChain.internalDoFilter(ApplicationFilterChain.java:193)\r\n\tat org.apache.catalina.core.ApplicationFilterChain.doFilter(ApplicationFilterChain.java:166)\r\n\tat org.springframework.web.filter.CharacterEncodingFilter.doFilterInternal(CharacterEncodingFilter.java:200)\r\n\tat org.springframework.web.filter.OncePerRequestFilter.doFilter(OncePerRequestFilter.java:107)\r\n\tat org.apache.catalina.core.ApplicationFilterChain.internalDoFilter(ApplicationFilterChain.java:193)\r\n\tat org.apache.catalina.core.ApplicationFilterChain.doFilter(ApplicationFilterChain.java:166)\r\n\tat org.apache.catalina.core.StandardWrapperValve.invoke(StandardWrapperValve.java:199)\r\n\tat org.apache.catalina.core.StandardContextValve.invoke(StandardContextValve.java:96)\r\n\tat org.apache.catalina.authenticator.AuthenticatorBase.invoke(AuthenticatorBase.java:490)\r\n\tat org.apache.catalina.core.StandardHostValve.invoke(StandardHostValve.java:139)\r\n\tat org.apache.catalina.valves.ErrorReportValve.invoke(ErrorReportValve.java:92)\r\n\tat org.apache.catalina.core.StandardEngineValve.invoke(StandardEngineValve.java:74)\r\n\tat org.apache.catalina.connector.CoyoteAdapter.service(CoyoteAdapter.java:343)\r\n\tat org.apache.coyote.http11.Http11Processor.service(Http11Processor.java:408)\r\n\tat org.apache.coyote.AbstractProcessorLight.process(AbstractProcessorLight.java:66)\r\n\tat org.apache.coyote.AbstractProtocol$ConnectionHandler.process(AbstractProtocol.java:791)\r\n\tat org.apache.tomcat.util.net.NioEndpoint$SocketProcessor.doRun(NioEndpoint.java:1417)\r\n\tat org.apache.tomcat.util.net.SocketProcessorBase.run(SocketProcessorBase.java:49)\r\n\tat java.base/java.util.concurrent.ThreadPoolExecutor.runWorker(ThreadPoolExecutor.java:1128)\r\n\tat java.base/java.util.concurrent.ThreadPoolExecutor$Worker.run(ThreadPoolExecutor.java:628)\r\n\tat org.apache.tomcat.util.threads.TaskThread$WrappingRunnable.run(TaskThread.java:61)\r\n\tat java.base/java.lang.Thread.run(Thread.java:834)\r\n","path":"/admin/market/add"}[\r][\n]"
21:35:22.946 [main] DEBUG org.apache.http.headers - http-outgoing-1 << HTTP/1.1 500 
21:35:22.946 [main] DEBUG org.apache.http.headers - http-outgoing-1 << Content-Type: application/json;charset=UTF-8
21:35:22.946 [main] DEBUG org.apache.http.headers - http-outgoing-1 << Transfer-Encoding: chunked
21:35:22.946 [main] DEBUG org.apache.http.headers - http-outgoing-1 << Date: Mon, 14 Jan 2019 02:35:22 GMT
21:35:22.946 [main] DEBUG org.apache.http.headers - http-outgoing-1 << Connection: close
]]></system-out>
  </testcase>
</testsuite>